-------------------------------------------------------------------------------
Test set: fyi.incomeoutcome.salarytaxspend.salary.service.ScraperServicePayscaleTest
-------------------------------------------------------------------------------
Tests run: 1, Failures: 0, Errors: 1, Skipped: 0, Time elapsed: 0.001 s <<< FAILURE! - in fyi.incomeoutcome.salarytaxspend.salary.service.ScraperServicePayscaleTest
fetchWebpageUrlTest  Time elapsed: 0 s  <<< ERROR!
java.lang.NullPointerException
	at fyi.incomeoutcome.salarytaxspend.salary.service.ScraperServicePayscaleTest.fetchWebpageUrlTest(ScraperServicePayscaleTest.java:16)

